Build started 1/31/2016 1:15:26 AM.
     1>Project "C:\Users\Mathias\Documents\Projects\PokemonBattleNetwork\BattleNetwork.vcxproj" on node 2 (build target(s)).
     1>InitializeBuildStatus:
         Creating "Debug\BattleNetwork.unsuccessfulbuild" because "AlwaysCreate" was specified.
       ClCompile:
         c:\Program Files (x86)\Microsoft Visual Studio 10.0\VC\bin\CL.exe /c /Ic:\allegro\include /ZI /nologo /W3 /WX- /Od /Oy- /D _MBCS /Gm /EHsc /RTC1 /MDd /GS /fp:precise /Zc:wchar_t /Zc:forScope /Fo"Debug\\" /Fd"Debug\vc100.pdb" /Gd /TP /analyze- /errorReport:prompt Source\main.cpp
         main.cpp
       Link:
         c:\Program Files (x86)\Microsoft Visual Studio 10.0\VC\bin\link.exe /ERRORREPORT:PROMPT /OUT:"C:\Users\Mathias\Documents\Projects\PokemonBattleNetwork\Debug\BattleNetwork.exe" /NOLOGO /LIBPATH:c:\allegro\lib "allegro-5.0.5-monolith-md-debug.lib" kernel32.lib user32.lib gdi32.lib winspool.lib comdlg32.lib advapi32.lib shell32.lib ole32.lib oleaut32.lib uuid.lib odbc32.lib odbccp32.lib /MANIFEST /ManifestFile:"Debug\BattleNetwork.exe.intermediate.manifest" /MANIFESTUAC:"level='asInvoker' uiAccess='false'" /DEBUG /PDB:"C:\Users\Mathias\Documents\Projects\PokemonBattleNetwork\Debug\BattleNetwork.pdb" /TLBID:1 /DYNAMICBASE /NXCOMPAT /IMPLIB:"C:\Users\Mathias\Documents\Projects\PokemonBattleNetwork\Debug\BattleNetwork.lib" /MACHINE:X86 Debug\animator.obj
         Debug\ballGenerator.obj
         Debug\bouncer.obj
         Debug\collider.obj
         Debug\gameobject.obj
         Debug\main.obj
         Debug\megaman.obj
         Debug\move.obj
         Debug\pokemon.obj
         Debug\swag.obj
         Debug\tile.obj
         Debug\treeko.obj
         LINK : C:\Users\Mathias\Documents\Projects\PokemonBattleNetwork\Debug\BattleNetwork.exe not found or not built by the last incremental link; performing full link
         BattleNetwork.vcxproj -> C:\Users\Mathias\Documents\Projects\PokemonBattleNetwork\Debug\BattleNetwork.exe
       Manifest:
         C:\Program Files (x86)\Microsoft SDKs\Windows\v7.0A\bin\mt.exe /nologo /verbose /outputresource:"C:\Users\Mathias\Documents\Projects\PokemonBattleNetwork\Debug\BattleNetwork.exe;#1" /manifest Debug\BattleNetwork.exe.intermediate.manifest
       FinalizeBuildStatus:
         Deleting file "Debug\BattleNetwork.unsuccessfulbuild".
         Touching "Debug\BattleNetwork.lastbuildstate".
     1>Done Building Project "C:\Users\Mathias\Documents\Projects\PokemonBattleNetwork\BattleNetwork.vcxproj" (build target(s)).

Build succeeded.

Time Elapsed 00:00:02.10
